nohup: ignoring input
/home/jiahui/miniconda3/lib/python3.9/site-packages/requests/__init__.py:102: RequestsDependencyWarning: urllib3 (1.26.8) or chardet (5.0.0)/charset_normalizer (2.0.4) doesn't match a supported version!
  warnings.warn("urllib3 ({}) or chardet ({})/charset_normalizer ({}) doesn't match a supported "
Device: cuda
Using downloaded and verified file: /home/jiahui/FL-NeurIPS-2022/Code/datasets/../../Data/SVHN/train_32x32.mat
Using downloaded and verified file: /home/jiahui/FL-NeurIPS-2022/Code/datasets/../../Data/SVHN/test_32x32.mat
Client alpha: [0.08824204203850883, 0.10773912122691735, 0.010722878808379464, 0.7050539158876855, 0.08824204203850883]
============ Communication round 0 ============
============ Train epoch 0 ============
 MNIST      | Train Loss: 0.1008 | Train Acc: 0.9746
 SVHN       | Train Loss: 0.5628 | Train Acc: 0.8264
 USPS       | Train Loss: 0.2196 | Train Acc: 0.9523
 SynthDigits| Train Loss: 0.1054 | Train Acc: 0.9680
 MNIST-M    | Train Loss: 0.3293 | Train Acc: 0.8992
============ Train epoch 1 ============
 MNIST      | Train Loss: 0.0331 | Train Acc: 0.9912
 SVHN       | Train Loss: 0.3113 | Train Acc: 0.9074
 USPS       | Train Loss: 0.0619 | Train Acc: 0.9882
 SynthDigits| Train Loss: 0.0333 | Train Acc: 0.9896
 MNIST-M    | Train Loss: 0.1243 | Train Acc: 0.9613
============ Train epoch 2 ============
 MNIST      | Train Loss: 0.0203 | Train Acc: 0.9942
 SVHN       | Train Loss: 0.2297 | Train Acc: 0.9314
 USPS       | Train Loss: 0.0352 | Train Acc: 0.9941
 SynthDigits| Train Loss: 0.0198 | Train Acc: 0.9938
 MNIST-M    | Train Loss: 0.0760 | Train Acc: 0.9761
============ Train epoch 3 ============
 MNIST      | Train Loss: 0.0140 | Train Acc: 0.9964
 SVHN       | Train Loss: 0.1756 | Train Acc: 0.9484
 USPS       | Train Loss: 0.0266 | Train Acc: 0.9960
 SynthDigits| Train Loss: 0.0134 | Train Acc: 0.9959
 MNIST-M    | Train Loss: 0.0499 | Train Acc: 0.9852
============ Train epoch 4 ============
 MNIST      | Train Loss: 0.0088 | Train Acc: 0.9982
 SVHN       | Train Loss: 0.1336 | Train Acc: 0.9604
 USPS       | Train Loss: 0.0157 | Train Acc: 0.9989
 SynthDigits| Train Loss: 0.0095 | Train Acc: 0.9971
 MNIST-M    | Train Loss: 0.0317 | Train Acc: 0.9915
============ Test ============
 MNIST      | Test  Loss: 0.2087 | Test  Acc: 0.9325
 SVHN       | Test  Loss: 0.5115 | Test  Acc: 0.8441
 USPS       | Test  Loss: 0.4289 | Test  Acc: 0.8774
 SynthDigits| Test  Loss: 0.0330 | Test  Acc: 0.9901
 MNIST-M    | Test  Loss: 1.3520 | Test  Acc: 0.6230
============ Communication round 1 ============
============ Train epoch 0 ============
 MNIST      | Train Loss: 0.0640 | Train Acc: 0.9832
 SVHN       | Train Loss: 0.4115 | Train Acc: 0.8921
 USPS       | Train Loss: 0.0792 | Train Acc: 0.9775
 SynthDigits| Train Loss: 0.0211 | Train Acc: 0.9958
 MNIST-M    | Train Loss: 0.3384 | Train Acc: 0.9060
============ Train epoch 1 ============
 MNIST      | Train Loss: 0.0350 | Train Acc: 0.9933
 SVHN       | Train Loss: 0.2927 | Train Acc: 0.9335
 USPS       | Train Loss: 0.0219 | Train Acc: 0.9949
 SynthDigits| Train Loss: 0.0211 | Train Acc: 0.9965
 MNIST-M    | Train Loss: 0.1760 | Train Acc: 0.9646
============ Train epoch 2 ============
 MNIST      | Train Loss: 0.0300 | Train Acc: 0.9956
 SVHN       | Train Loss: 0.2609 | Train Acc: 0.9463
 USPS       | Train Loss: 0.0154 | Train Acc: 0.9971
 SynthDigits| Train Loss: 0.0203 | Train Acc: 0.9967
 MNIST-M    | Train Loss: 0.1474 | Train Acc: 0.9760
============ Train epoch 3 ============
 MNIST      | Train Loss: 0.0255 | Train Acc: 0.9968
 SVHN       | Train Loss: 0.2474 | Train Acc: 0.9546
 USPS       | Train Loss: 0.0095 | Train Acc: 0.9989
 SynthDigits| Train Loss: 0.0201 | Train Acc: 0.9968
 MNIST-M    | Train Loss: 0.1324 | Train Acc: 0.9818
============ Train epoch 4 ============
 MNIST      | Train Loss: 0.0249 | Train Acc: 0.9971
 SVHN       | Train Loss: 0.2367 | Train Acc: 0.9594
 USPS       | Train Loss: 0.0095 | Train Acc: 0.9995
 SynthDigits| Train Loss: 0.0200 | Train Acc: 0.9968
 MNIST-M    | Train Loss: 0.1259 | Train Acc: 0.9852
============ Test ============
 MNIST      | Test  Loss: 0.1445 | Test  Acc: 0.9557
 SVHN       | Test  Loss: 0.3878 | Test  Acc: 0.8940
 USPS       | Test  Loss: 0.3918 | Test  Acc: 0.8979
 SynthDigits| Test  Loss: 0.0213 | Test  Acc: 0.9938
 MNIST-M    | Test  Loss: 1.1983 | Test  Acc: 0.6821
============ Communication round 2 ============
============ Train epoch 0 ============
 MNIST      | Train Loss: 0.0550 | Train Acc: 0.9860
 SVHN       | Train Loss: 0.3827 | Train Acc: 0.8995
 USPS       | Train Loss: 0.0701 | Train Acc: 0.9802
 SynthDigits| Train Loss: 0.0157 | Train Acc: 0.9970
 MNIST-M    | Train Loss: 0.3032 | Train Acc: 0.9171
============ Train epoch 1 ============
 MNIST      | Train Loss: 0.0302 | Train Acc: 0.9945
 SVHN       | Train Loss: 0.2695 | Train Acc: 0.9391
 USPS       | Train Loss: 0.0239 | Train Acc: 0.9949
 SynthDigits| Train Loss: 0.0154 | Train Acc: 0.9977
 MNIST-M    | Train Loss: 0.1592 | Train Acc: 0.9682
============ Train epoch 2 ============
 MNIST      | Train Loss: 0.0252 | Train Acc: 0.9960
 SVHN       | Train Loss: 0.2371 | Train Acc: 0.9532
 USPS       | Train Loss: 0.0145 | Train Acc: 0.9970
 SynthDigits| Train Loss: 0.0150 | Train Acc: 0.9976
 MNIST-M    | Train Loss: 0.1266 | Train Acc: 0.9815
============ Train epoch 3 ============
 MNIST      | Train Loss: 0.0230 | Train Acc: 0.9970
 SVHN       | Train Loss: 0.2189 | Train Acc: 0.9603
 USPS       | Train Loss: 0.0113 | Train Acc: 0.9974
 SynthDigits| Train Loss: 0.0161 | Train Acc: 0.9974
 MNIST-M    | Train Loss: 0.1159 | Train Acc: 0.9849
============ Train epoch 4 ============
 MNIST      | Train Loss: 0.0220 | Train Acc: 0.9973
 SVHN       | Train Loss: 0.2124 | Train Acc: 0.9653
 USPS       | Train Loss: 0.0097 | Train Acc: 0.9988
 SynthDigits| Train Loss: 0.0157 | Train Acc: 0.9976
 MNIST-M    | Train Loss: 0.1084 | Train Acc: 0.9883
============ Test ============
 MNIST      | Test  Loss: 0.1266 | Test  Acc: 0.9602
 SVHN       | Test  Loss: 0.5699 | Test  Acc: 0.8374
 USPS       | Test  Loss: 0.3505 | Test  Acc: 0.9033
 SynthDigits| Test  Loss: 0.0380 | Test  Acc: 0.9884
 MNIST-M    | Test  Loss: 1.1257 | Test  Acc: 0.6978
============ Communication round 3 ============
============ Train epoch 0 ============
 MNIST      | Train Loss: 0.0504 | Train Acc: 0.9875
 SVHN       | Train Loss: 0.3574 | Train Acc: 0.9070
 USPS       | Train Loss: 0.0760 | Train Acc: 0.9815
 SynthDigits| Train Loss: 0.0135 | Train Acc: 0.9975
 MNIST-M    | Train Loss: 0.2767 | Train Acc: 0.9257
============ Train epoch 1 ============
 MNIST      | Train Loss: 0.0275 | Train Acc: 0.9951
 SVHN       | Train Loss: 0.2460 | Train Acc: 0.9459
 USPS       | Train Loss: 0.0178 | Train Acc: 0.9960
 SynthDigits| Train Loss: 0.0126 | Train Acc: 0.9982
 MNIST-M    | Train Loss: 0.1441 | Train Acc: 0.9725
============ Train epoch 2 ============
 MNIST      | Train Loss: 0.0213 | Train Acc: 0.9970
 SVHN       | Train Loss: 0.2125 | Train Acc: 0.9589
 USPS       | Train Loss: 0.0123 | Train Acc: 0.9982
 SynthDigits| Train Loss: 0.0128 | Train Acc: 0.9982
 MNIST-M    | Train Loss: 0.1183 | Train Acc: 0.9823
============ Train epoch 3 ============
 MNIST      | Train Loss: 0.0206 | Train Acc: 0.9972
 SVHN       | Train Loss: 0.1985 | Train Acc: 0.9656
 USPS       | Train Loss: 0.0092 | Train Acc: 0.9990
 SynthDigits| Train Loss: 0.0126 | Train Acc: 0.9981
 MNIST-M    | Train Loss: 0.1036 | Train Acc: 0.9879
============ Train epoch 4 ============
 MNIST      | Train Loss: 0.0184 | Train Acc: 0.9979
 SVHN       | Train Loss: 0.1904 | Train Acc: 0.9700
 USPS       | Train Loss: 0.0096 | Train Acc: 0.9989
 SynthDigits| Train Loss: 0.0132 | Train Acc: 0.9980
 MNIST-M    | Train Loss: 0.0972 | Train Acc: 0.9899
============ Test ============
 MNIST      | Test  Loss: 0.1083 | Test  Acc: 0.9673
 SVHN       | Test  Loss: 0.3448 | Test  Acc: 0.9085
 USPS       | Test  Loss: 0.3599 | Test  Acc: 0.8964
 SynthDigits| Test  Loss: 0.0177 | Test  Acc: 0.9946
 MNIST-M    | Test  Loss: 1.1086 | Test  Acc: 0.7116
============ Communication round 4 ============
============ Train epoch 0 ============
 MNIST      | Train Loss: 0.0466 | Train Acc: 0.9882
 SVHN       | Train Loss: 0.3389 | Train Acc: 0.9136
 USPS       | Train Loss: 0.0754 | Train Acc: 0.9811
 SynthDigits| Train Loss: 0.0112 | Train Acc: 0.9980
 MNIST-M    | Train Loss: 0.2561 | Train Acc: 0.9318
============ Train epoch 1 ============
 MNIST      | Train Loss: 0.0249 | Train Acc: 0.9956
 SVHN       | Train Loss: 0.2237 | Train Acc: 0.9523
 USPS       | Train Loss: 0.0228 | Train Acc: 0.9956
 SynthDigits| Train Loss: 0.0112 | Train Acc: 0.9984
 MNIST-M    | Train Loss: 0.1289 | Train Acc: 0.9766
============ Train epoch 2 ============
 MNIST      | Train Loss: 0.0198 | Train Acc: 0.9972
 SVHN       | Train Loss: 0.1931 | Train Acc: 0.9641
 USPS       | Train Loss: 0.0129 | Train Acc: 0.9982
 SynthDigits| Train Loss: 0.0107 | Train Acc: 0.9985
 MNIST-M    | Train Loss: 0.1028 | Train Acc: 0.9866
============ Train epoch 3 ============
 MNIST      | Train Loss: 0.0179 | Train Acc: 0.9979
 SVHN       | Train Loss: 0.1819 | Train Acc: 0.9695
 USPS       | Train Loss: 0.0102 | Train Acc: 0.9986
 SynthDigits| Train Loss: 0.0109 | Train Acc: 0.9985
 MNIST-M    | Train Loss: 0.0921 | Train Acc: 0.9900
============ Train epoch 4 ============
 MNIST      | Train Loss: 0.0157 | Train Acc: 0.9985
 SVHN       | Train Loss: 0.1765 | Train Acc: 0.9728
 USPS       | Train Loss: 0.0085 | Train Acc: 0.9993
 SynthDigits| Train Loss: 0.0106 | Train Acc: 0.9985
 MNIST-M    | Train Loss: 0.0884 | Train Acc: 0.9908
============ Test ============
 MNIST      | Test  Loss: 0.0964 | Test  Acc: 0.9699
 SVHN       | Test  Loss: 0.3605 | Test  Acc: 0.9064
 USPS       | Test  Loss: 0.3635 | Test  Acc: 0.9063
 SynthDigits| Test  Loss: 0.0156 | Test  Acc: 0.9955
 MNIST-M    | Test  Loss: 0.9930 | Test  Acc: 0.7450
============ Communication round 5 ============
============ Train epoch 0 ============
 MNIST      | Train Loss: 0.0442 | Train Acc: 0.9891
 SVHN       | Train Loss: 0.3208 | Train Acc: 0.9174
 USPS       | Train Loss: 0.0724 | Train Acc: 0.9797
 SynthDigits| Train Loss: 0.0096 | Train Acc: 0.9984
 MNIST-M    | Train Loss: 0.2416 | Train Acc: 0.9353
============ Train epoch 1 ============
 MNIST      | Train Loss: 0.0241 | Train Acc: 0.9957
 SVHN       | Train Loss: 0.2099 | Train Acc: 0.9563
 USPS       | Train Loss: 0.0185 | Train Acc: 0.9959
 SynthDigits| Train Loss: 0.0092 | Train Acc: 0.9988
 MNIST-M    | Train Loss: 0.1190 | Train Acc: 0.9793
============ Train epoch 2 ============
 MNIST      | Train Loss: 0.0189 | Train Acc: 0.9975
 SVHN       | Train Loss: 0.1797 | Train Acc: 0.9676
 USPS       | Train Loss: 0.0118 | Train Acc: 0.9982
 SynthDigits| Train Loss: 0.0091 | Train Acc: 0.9988
 MNIST-M    | Train Loss: 0.0952 | Train Acc: 0.9879
============ Train epoch 3 ============
 MNIST      | Train Loss: 0.0163 | Train Acc: 0.9981
 SVHN       | Train Loss: 0.1670 | Train Acc: 0.9731
 USPS       | Train Loss: 0.0111 | Train Acc: 0.9984
 SynthDigits| Train Loss: 0.0097 | Train Acc: 0.9986
 MNIST-M    | Train Loss: 0.0851 | Train Acc: 0.9914
============ Train epoch 4 ============
 MNIST      | Train Loss: 0.0154 | Train Acc: 0.9982
 SVHN       | Train Loss: 0.1623 | Train Acc: 0.9764
 USPS       | Train Loss: 0.0079 | Train Acc: 0.9993
 SynthDigits| Train Loss: 0.0093 | Train Acc: 0.9987
 MNIST-M    | Train Loss: 0.0830 | Train Acc: 0.9915
============ Test ============
 MNIST      | Test  Loss: 0.0937 | Test  Acc: 0.9720
 SVHN       | Test  Loss: 0.3426 | Test  Acc: 0.9115
 USPS       | Test  Loss: 0.3548 | Test  Acc: 0.9053
 SynthDigits| Test  Loss: 0.0173 | Test  Acc: 0.9946
 MNIST-M    | Test  Loss: 0.9939 | Test  Acc: 0.7367
============ Communication round 6 ============
============ Train epoch 0 ============
 MNIST      | Train Loss: 0.0386 | Train Acc: 0.9900
 SVHN       | Train Loss: 0.2975 | Train Acc: 0.9230
 USPS       | Train Loss: 0.0706 | Train Acc: 0.9824
 SynthDigits| Train Loss: 0.0081 | Train Acc: 0.9987
 MNIST-M    | Train Loss: 0.2223 | Train Acc: 0.9407
============ Train epoch 1 ============
 MNIST      | Train Loss: 0.0207 | Train Acc: 0.9965
 SVHN       | Train Loss: 0.1903 | Train Acc: 0.9623
 USPS       | Train Loss: 0.0215 | Train Acc: 0.9955
 SynthDigits| Train Loss: 0.0081 | Train Acc: 0.9990
 MNIST-M    | Train Loss: 0.1084 | Train Acc: 0.9816
============ Train epoch 2 ============
 MNIST      | Train Loss: 0.0172 | Train Acc: 0.9975
 SVHN       | Train Loss: 0.1618 | Train Acc: 0.9729
 USPS       | Train Loss: 0.0157 | Train Acc: 0.9975
 SynthDigits| Train Loss: 0.0085 | Train Acc: 0.9989
 MNIST-M    | Train Loss: 0.0872 | Train Acc: 0.9902
============ Train epoch 3 ============
 MNIST      | Train Loss: 0.0152 | Train Acc: 0.9983
 SVHN       | Train Loss: 0.1536 | Train Acc: 0.9767
 USPS       | Train Loss: 0.0089 | Train Acc: 0.9992
 SynthDigits| Train Loss: 0.0081 | Train Acc: 0.9989
 MNIST-M    | Train Loss: 0.0761 | Train Acc: 0.9930
============ Train epoch 4 ============
 MNIST      | Train Loss: 0.0142 | Train Acc: 0.9983
 SVHN       | Train Loss: 0.1468 | Train Acc: 0.9791
 USPS       | Train Loss: 0.0083 | Train Acc: 0.9993
 SynthDigits| Train Loss: 0.0083 | Train Acc: 0.9989
 MNIST-M    | Train Loss: 0.0721 | Train Acc: 0.9940
============ Test ============
 MNIST      | Test  Loss: 0.0768 | Test  Acc: 0.9775
 SVHN       | Test  Loss: 0.3425 | Test  Acc: 0.9138
 USPS       | Test  Loss: 0.3291 | Test  Acc: 0.9093
 SynthDigits| Test  Loss: 0.0154 | Test  Acc: 0.9957
 MNIST-M    | Test  Loss: 0.9248 | Test  Acc: 0.7632
============ Communication round 7 ============
============ Train epoch 0 ============
 MNIST      | Train Loss: 0.0374 | Train Acc: 0.9903
 SVHN       | Train Loss: 0.2843 | Train Acc: 0.9265
 USPS       | Train Loss: 0.0689 | Train Acc: 0.9812
 SynthDigits| Train Loss: 0.0077 | Train Acc: 0.9988
 MNIST-M    | Train Loss: 0.2125 | Train Acc: 0.9437
============ Train epoch 1 ============
 MNIST      | Train Loss: 0.0207 | Train Acc: 0.9966
 SVHN       | Train Loss: 0.1781 | Train Acc: 0.9659
 USPS       | Train Loss: 0.0208 | Train Acc: 0.9955
 SynthDigits| Train Loss: 0.0076 | Train Acc: 0.9991
 MNIST-M    | Train Loss: 0.1015 | Train Acc: 0.9842
============ Train epoch 2 ============
 MNIST      | Train Loss: 0.0156 | Train Acc: 0.9981
 SVHN       | Train Loss: 0.1497 | Train Acc: 0.9754
 USPS       | Train Loss: 0.0112 | Train Acc: 0.9990
 SynthDigits| Train Loss: 0.0077 | Train Acc: 0.9989
 MNIST-M    | Train Loss: 0.0835 | Train Acc: 0.9903
============ Train epoch 3 ============
 MNIST      | Train Loss: 0.0132 | Train Acc: 0.9986
 SVHN       | Train Loss: 0.1373 | Train Acc: 0.9806
 USPS       | Train Loss: 0.0123 | Train Acc: 0.9982
 SynthDigits| Train Loss: 0.0063 | Train Acc: 0.9993
 MNIST-M    | Train Loss: 0.0698 | Train Acc: 0.9940
============ Train epoch 4 ============
 MNIST      | Train Loss: 0.0133 | Train Acc: 0.9985
 SVHN       | Train Loss: 0.1356 | Train Acc: 0.9814
 USPS       | Train Loss: 0.0082 | Train Acc: 0.9996
 SynthDigits| Train Loss: 0.0069 | Train Acc: 0.9992
 MNIST-M    | Train Loss: 0.0703 | Train Acc: 0.9928
============ Test ============
 MNIST      | Test  Loss: 0.0866 | Test  Acc: 0.9743
 SVHN       | Test  Loss: 0.3599 | Test  Acc: 0.9120
 USPS       | Test  Loss: 0.3720 | Test  Acc: 0.9018
 SynthDigits| Test  Loss: 0.0201 | Test  Acc: 0.9945
 MNIST-M    | Test  Loss: 0.8354 | Test  Acc: 0.7799
============ Communication round 8 ============
============ Train epoch 0 ============
 MNIST      | Train Loss: 0.0338 | Train Acc: 0.9914
 SVHN       | Train Loss: 0.2729 | Train Acc: 0.9302
 USPS       | Train Loss: 0.0719 | Train Acc: 0.9798
 SynthDigits| Train Loss: 0.0062 | Train Acc: 0.9991
 MNIST-M    | Train Loss: 0.2014 | Train Acc: 0.9469
============ Train epoch 1 ============
 MNIST      | Train Loss: 0.0197 | Train Acc: 0.9967
 SVHN       | Train Loss: 0.1616 | Train Acc: 0.9697
 USPS       | Train Loss: 0.0184 | Train Acc: 0.9964
 SynthDigits| Train Loss: 0.0071 | Train Acc: 0.9991
 MNIST-M    | Train Loss: 0.0960 | Train Acc: 0.9857
============ Train epoch 2 ============
 MNIST      | Train Loss: 0.0155 | Train Acc: 0.9978
 SVHN       | Train Loss: 0.1370 | Train Acc: 0.9788
 USPS       | Train Loss: 0.0116 | Train Acc: 0.9989
 SynthDigits| Train Loss: 0.0064 | Train Acc: 0.9993
 MNIST-M    | Train Loss: 0.0742 | Train Acc: 0.9927
============ Train epoch 3 ============
 MNIST      | Train Loss: 0.0129 | Train Acc: 0.9988
 SVHN       | Train Loss: 0.1306 | Train Acc: 0.9813
 USPS       | Train Loss: 0.0087 | Train Acc: 0.9990
 SynthDigits| Train Loss: 0.0073 | Train Acc: 0.9991
 MNIST-M    | Train Loss: 0.0673 | Train Acc: 0.9942
============ Train epoch 4 ============
 MNIST      | Train Loss: 0.0111 | Train Acc: 0.9990
 SVHN       | Train Loss: 0.1258 | Train Acc: 0.9832
 USPS       | Train Loss: 0.0106 | Train Acc: 0.9982
 SynthDigits| Train Loss: 0.0069 | Train Acc: 0.9992
 MNIST-M    | Train Loss: 0.0609 | Train Acc: 0.9955
============ Test ============
 MNIST      | Test  Loss: 0.0836 | Test  Acc: 0.9748
 SVHN       | Test  Loss: 0.3631 | Test  Acc: 0.9076
 USPS       | Test  Loss: 0.3686 | Test  Acc: 0.9013
 SynthDigits| Test  Loss: 0.0168 | Test  Acc: 0.9955
 MNIST-M    | Test  Loss: 1.0096 | Test  Acc: 0.7557
============ Communication round 9 ============
============ Train epoch 0 ============
 MNIST      | Train Loss: 0.0314 | Train Acc: 0.9918
 SVHN       | Train Loss: 0.2529 | Train Acc: 0.9362
 USPS       | Train Loss: 0.0717 | Train Acc: 0.9819
 SynthDigits| Train Loss: 0.0070 | Train Acc: 0.9990
 MNIST-M    | Train Loss: 0.1884 | Train Acc: 0.9513
============ Train epoch 1 ============
 MNIST      | Train Loss: 0.0191 | Train Acc: 0.9970
 SVHN       | Train Loss: 0.1509 | Train Acc: 0.9722
 USPS       | Train Loss: 0.0201 | Train Acc: 0.9959
 SynthDigits| Train Loss: 0.0056 | Train Acc: 0.9994
 MNIST-M    | Train Loss: 0.0906 | Train Acc: 0.9866
============ Train epoch 2 ============
 MNIST      | Train Loss: 0.0151 | Train Acc: 0.9979
 SVHN       | Train Loss: 0.1294 | Train Acc: 0.9808
 USPS       | Train Loss: 0.0139 | Train Acc: 0.9977
 SynthDigits| Train Loss: 0.0065 | Train Acc: 0.9992
 MNIST-M    | Train Loss: 0.0707 | Train Acc: 0.9931
============ Train epoch 3 ============
 MNIST      | Train Loss: 0.0125 | Train Acc: 0.9988
 SVHN       | Train Loss: 0.1190 | Train Acc: 0.9845
 USPS       | Train Loss: 0.0088 | Train Acc: 0.9996
 SynthDigits| Train Loss: 0.0054 | Train Acc: 0.9994
 MNIST-M    | Train Loss: 0.0650 | Train Acc: 0.9941
============ Train epoch 4 ============
 MNIST      | Train Loss: 0.0104 | Train Acc: 0.9991
 SVHN       | Train Loss: 0.1101 | Train Acc: 0.9870
 USPS       | Train Loss: 0.0085 | Train Acc: 0.9993
 SynthDigits| Train Loss: 0.0062 | Train Acc: 0.9993
 MNIST-M    | Train Loss: 0.0580 | Train Acc: 0.9957
============ Test ============
 MNIST      | Test  Loss: 0.0653 | Test  Acc: 0.9823
 SVHN       | Test  Loss: 0.3275 | Test  Acc: 0.9187
 USPS       | Test  Loss: 0.2862 | Test  Acc: 0.9218
 SynthDigits| Test  Loss: 0.0151 | Test  Acc: 0.9955
 MNIST-M    | Test  Loss: 0.8681 | Test  Acc: 0.7846
Traceback (most recent call last):
  File "/home/jiahui/miniconda3/lib/python3.9/site-packages/torch/serialization.py", line 380, in save
    _save(obj, opened_zipfile, pickle_module, pickle_protocol)
  File "/home/jiahui/miniconda3/lib/python3.9/site-packages/torch/serialization.py", line 604, in _save
    zip_file.write_record(name, storage.data_ptr(), num_bytes)
OSError: [Errno 28] No space left on device

During handling of the above exception, another exception occurred:

Traceback (most recent call last):
  File "/home/jiahui/FL-NeurIPS-2022/Code/train/./fedprox.py", line 181, in <module>
    torch.save({
  File "/home/jiahui/miniconda3/lib/python3.9/site-packages/torch/serialization.py", line 381, in save
    return
  File "/home/jiahui/miniconda3/lib/python3.9/site-packages/torch/serialization.py", line 260, in __exit__
    self.file_like.write_end_of_file()
RuntimeError: [enforce fail at inline_container.cc:300] . unexpected pos 847872 vs 847768
terminate called after throwing an instance of 'c10::Error'
  what():  [enforce fail at inline_container.cc:300] . unexpected pos 847872 vs 847768
frame #0: c10::ThrowEnforceNotMet(char const*, int, char const*, std::string const&, void const*) + 0x47 (0x7f402a20fd47 in /home/jiahui/miniconda3/lib/python3.9/site-packages/torch/lib/libc10.so)
frame #1: <unknown function> + 0x23ea990 (0x7f405ee77990 in /home/jiahui/miniconda3/lib/python3.9/site-packages/torch/lib/libtorch_cpu.so)
frame #2: mz_zip_writer_add_mem_ex_v2 + 0x6d4 (0x7f405ee72454 in /home/jiahui/miniconda3/lib/python3.9/site-packages/torch/lib/libtorch_cpu.so)
frame #3: caffe2::serialize::PyTorchStreamWriter::writeRecord(std::string const&, void const*, unsigned long, bool) + 0xb5 (0x7f405ee7abd5 in /home/jiahui/miniconda3/lib/python3.9/site-packages/torch/lib/libtorch_cpu.so)
frame #4: caffe2::serialize::PyTorchStreamWriter::writeEndOfFile() + 0x2c3 (0x7f405ee7b0e3 in /home/jiahui/miniconda3/lib/python3.9/site-packages/torch/lib/libtorch_cpu.so)
frame #5: caffe2::serialize::PyTorchStreamWriter::~PyTorchStreamWriter() + 0x125 (0x7f405ee7b395 in /home/jiahui/miniconda3/lib/python3.9/site-packages/torch/lib/libtorch_cpu.so)
frame #6: <unknown function> + 0x5103d3 (0x7f40ad4793d3 in /home/jiahui/miniconda3/lib/python3.9/site-packages/torch/lib/libtorch_python.so)
frame #7: <unknown function> + 0x1e3536 (0x7f40ad14c536 in /home/jiahui/miniconda3/lib/python3.9/site-packages/torch/lib/libtorch_python.so)
frame #8: <unknown function> + 0x1e4afe (0x7f40ad14dafe in /home/jiahui/miniconda3/lib/python3.9/site-packages/torch/lib/libtorch_python.so)
<omitting python frames>
frame #18: __libc_start_main + 0xf5 (0x7f40e5fa9555 in /lib64/libc.so.6)

